<?xml version="1.0" encoding="UTF-8"?>
<!-- Generated by org.testng.reporters.JUnitReportReporter -->
<testsuite skipped="0" hostname="LAPTOP-UAPI8PLG" name="com.testcases.OrangeHrmLoginTestCase" tests="1" failures="0" timestamp="16 Sep 2020 06:26:02 GMT" time="20.297" errors="0">
  <testcase name="login" time="20.297" classname="com.testcases.OrangeHrmLoginTestCase"/>
</testsuite> <!-- com.testcases.OrangeHrmLoginTestCase -->
